2019-03-29 18:21:56,904 INFO org.springframework.boot.StartupInfoLogger [main] Starting WsRestAuditoriaApiApplication on SBBOGLAPPROJO7 with PID 9964 (D:\RepositorioPoC\wsRestAuditoriaAPI\target\classes started by jeisson.osoriod in D:\RepositorioPoC\wsRestAuditoriaAPI)
2019-03-29 18:21:56,907 INFO org.springframework.boot.SpringApplication [main] No active profile set, falling back to default profiles: default
2019-03-29 18:21:57,698 INFO org.springframework.data.repository.config.RepositoryConfigurationDelegate [main] Multiple Spring Data modules found, entering strict repository configuration mode!
2019-03-29 18:21:57,700 INFO org.springframework.data.repository.config.RepositoryConfigurationDelegate [main] Bootstrapping Spring Data repositories in DEFAULT mode.
2019-03-29 18:21:57,729 INFO org.springframework.data.repository.config.RepositoryConfigurationDelegate [main] Finished Spring Data repository scanning in 16ms. Found 0 repository interfaces.
2019-03-29 18:21:58,234 INFO org.springframework.boot.web.embedded.tomcat.TomcatWebServer [main] Tomcat initialized with port(s): 18082 (http)
2019-03-29 18:21:58,247 INFO org.apache.juli.logging.DirectJDKLog [main] Initializing ProtocolHandler ["http-nio-18082"]
2019-03-29 18:21:58,254 INFO org.apache.juli.logging.DirectJDKLog [main] Starting service [Tomcat]
2019-03-29 18:21:58,255 INFO org.apache.juli.logging.DirectJDKLog [main] Starting Servlet engine: [Apache Tomcat/9.0.16]
2019-03-29 18:21:58,261 INFO org.apache.juli.logging.DirectJDKLog [main] The APR based Apache Tomcat Native library which allows optimal performance in production environments was not found on the java.library.path: [C:\Program Files\Java\jre1.8.0_181\bin;C:\Windows\Sun\Java\bin;C:\Windows\system32;C:\Windows;C:/Program Files/Java/jre1.8.0_181/bin/server;C:/Program Files/Java/jre1.8.0_181/bin;C:/Program Files/Java/jre1.8.0_181/lib/amd64;C:\Program Files (x86)\Common Files\Oracle\Java\javapath;C:\oraclexe\app\oracle\product\11.2.0\server\bin;;C:\Program Files (x86)\IBM\WebSphere MQ\java\lib;C:\Program Files (x86)\IBM\WebSphere MQ\java\lib64;C:\Program Files (x86)\Intel\iCLS Client\;C:\Program Files\Intel\iCLS Client\;C:\Windows\system32;C:\Windows;C:\Windows\System32\Wbem;C:\Windows\System32\WindowsPowerShell\v1.0\;C:\Program Files (x86)\Intel\Intel(R) Management Engine Components\DAL;C:\Program Files\Intel\Intel(R) Management Engine Components\DAL;C:\Program Files (x86)\Intel\Intel(R) Management Engine Components\IPT;C:\Program Files\Intel\Intel(R) Management Engine Components\IPT;C:\Program Files\Intel\WiFi\bin\;C:\Program Files\Common Files\Intel\WirelessCommon\;C:\Program Files\PuTTY\;C:\Program Files\TortoiseSVN\bin;C:\Program Files\Git\cmd;C:\wamp\bin\php\php-7.0.0;C:\Program Files (x86)\IBM\WebSphere MQ\bin64;C:\Program Files (x86)\IBM\WebSphere MQ\bin;C:\Program Files (x86)\IBM\WebSphere MQ\tools\c\samples\bin;D:\ProgramFiles\composer;C:\Program Files\nodejs\;D:\ProgramFiles\apache-maven-3.5.4\bin;C:\Program Files\Amazon\AWSCLI\bin\;C:\Users\jeisson.osoriod\AppData\Roaming\Composer\vendor\bin;C:\Program Files\Docker Toolbox;D:\ProgramFiles\sonar-scanner-3.2.0.1227-windows\bin;C:\Users\jeisson.osoriod\AppData\Roaming\npm;D:\ProgramFiles\apache-maven-3.5.4\bin;D:\ProgramFiles\sts-bundle\sts-3.9.6.RELEASE;;.]
2019-03-29 18:21:58,374 INFO org.apache.juli.logging.DirectJDKLog [main] Initializing Spring embedded WebApplicationContext
2019-03-29 18:21:58,374 INFO org.springframework.boot.web.servlet.context.ServletWebServerApplicationContext [main] Root WebApplicationContext: initialization completed in 1431 ms
2019-03-29 18:21:58,843 INFO org.springframework.scheduling.concurrent.ExecutorConfigurationSupport [main] Initializing ExecutorService 'applicationTaskExecutor'
2019-03-29 18:21:59,039 INFO org.springframework.boot.admin.SpringApplicationAdminMXBeanRegistrar$SpringApplicationAdmin [RMI TCP Connection(2)-127.0.0.1] Application shutdown requested.
2019-03-29 18:21:59,263 INFO springfox.documentation.spring.web.plugins.DocumentationPluginsBootstrapper [main] Context refreshed
2019-03-29 18:21:59,275 INFO springfox.documentation.spring.web.plugins.DocumentationPluginsBootstrapper [main] Found 1 custom documentation plugin(s)
2019-03-29 18:21:59,286 INFO springfox.documentation.spring.web.scanners.ApiListingReferenceScanner [main] Scanning for api listing references
2019-03-29 18:21:59,407 INFO org.apache.juli.logging.DirectJDKLog [main] Starting ProtocolHandler ["http-nio-18082"]
2019-03-29 18:21:59,430 INFO org.springframework.boot.web.embedded.tomcat.TomcatWebServer [main] Tomcat started on port(s): 18082 (http) with context path ''
2019-03-29 18:21:59,433 INFO org.springframework.boot.StartupInfoLogger [main] Started WsRestAuditoriaApiApplication in 2.872 seconds (JVM running for 3.559)
2019-03-29 18:21:59,435 INFO org.springframework.scheduling.concurrent.ExecutorConfigurationSupport [RMI TCP Connection(2)-127.0.0.1] Shutting down ExecutorService 'applicationTaskExecutor'
